#
# There is insufficient memory for the Java Runtime Environment to continue.
# Native memory allocation (malloc) failed to allocate 134032 bytes for Chunk::new
# Possible reasons:
#   The system is out of physical RAM or swap space
#   In 32 bit mode, the process size limit was hit
# Possible solutions:
#   Reduce memory load on the system
#   Increase physical memory or swap space
#   Check if swap backing store is full
#   Use 64 bit Java on a 64 bit OS
#   Decrease Java heap size (-Xmx/-Xms)
#   Decrease number of Java threads
#   Decrease Java thread stack sizes (-Xss)
#   Set larger code cache with -XX:ReservedCodeCacheSize=
# This output file may be truncated or incomplete.
#
#  Out of Memory Error (allocation.cpp:390), pid=17056, tid=0x0000000000002ab0
#
# JRE version: OpenJDK Runtime Environment (8.0_152-b01) (build 1.8.0_152-release-1343-b01)
# Java VM: OpenJDK 64-Bit Server VM (25.152-b01 mixed mode windows-amd64 compressed oops)
# Failed to write core dump. Minidumps are not enabled by default on client versions of Windows
#

---------------  T H R E A D  ---------------

Current thread (0x0000000018195000):  JavaThread "C2 CompilerThread2" daemon [_thread_in_native, id=10928, stack(0x0000000019890000,0x0000000019990000)]

Stack: [0x0000000019890000,0x0000000019990000]
[error occurred during error reporting (printing stack bounds), id 0xc0000005]

Native frames: (J=compiled Java code, j=interpreted, Vv=VM code, C=native code)


Current CompileTask:
C2:   4189 1676  s    4       sun.misc.URLClassPath::getNextLoader (88 bytes)


---------------  P R O C E S S  ---------------

Java Threads: ( => current thread )
  0x000000001b0a2800 JavaThread "Cache worker for file hash cache (D:\MainActivity2\.gradle\5.1.1\fileHashes)" [_thread_blocked, id=14916, stack(0x000000001fea0000,0x000000001ffa0000)]
  0x000000001b0a4000 JavaThread "Cache worker for journal cache (C:\Users\DXD\.gradle\caches\journal-1)" [_thread_blocked, id=5484, stack(0x000000001daa0000,0x000000001dba0000)]
  0x000000001b0a3000 JavaThread "File lock request listener" [_thread_in_native, id=14196, stack(0x000000001d9a0000,0x000000001daa0000)]
  0x000000001b0b1000 JavaThread "Cache worker for file hash cache (C:\Users\DXD\.gradle\caches\5.1.1\fileHashes)" [_thread_blocked, id=5860, stack(0x000000001d8a0000,0x000000001d9a0000)]
  0x000000001af14000 JavaThread "Thread-8" [_thread_blocked, id=13244, stack(0x000000001d7a0000,0x000000001d8a0000)]
  0x000000001af13800 JavaThread "Stdin handler" [_thread_blocked, id=9332, stack(0x000000001d6a0000,0x000000001d7a0000)]
  0x000000001aff5800 JavaThread "Asynchronous log dispatcher for DefaultDaemonConnection: socket connection from /127.0.0.1:52134 to /127.0.0.1:52135" [_thread_blocked, id=19280, stack(0x000000001d5a0000,0x000000001d6a0000)]
  0x000000001af26000 JavaThread "Daemon worker" [_thread_in_vm, id=19140, stack(0x000000001d3a0000,0x000000001d4a0000)]
  0x000000001af24000 JavaThread "Cancel handler" [_thread_blocked, id=14204, stack(0x000000001d2a0000,0x000000001d3a0000)]
  0x000000001afc3000 JavaThread "Handler for socket connection from /127.0.0.1:52134 to /127.0.0.1:52135" [_thread_in_native, id=10396, stack(0x000000001cfa0000,0x000000001d0a0000)]
  0x000000001aeb1800 JavaThread "Daemon" [_thread_blocked, id=5556, stack(0x000000001cea0000,0x000000001cfa0000)]
  0x000000001ae94800 JavaThread "Daemon periodic checks" [_thread_blocked, id=18512, stack(0x000000001cda0000,0x000000001cea0000)]
  0x000000001ace8800 JavaThread "Incoming local TCP Connector on port 52134" [_thread_in_native, id=13220, stack(0x000000001cbf0000,0x000000001ccf0000)]
  0x00000000181d8000 JavaThread "Service Thread" daemon [_thread_blocked, id=16680, stack(0x0000000019a90000,0x0000000019b90000)]
  0x0000000018195800 JavaThread "C1 CompilerThread3" daemon [_thread_blocked, id=5136, stack(0x0000000019990000,0x0000000019a90000)]
=>0x0000000018195000 JavaThread "C2 CompilerThread2" daemon [_thread_in_native, id=10928, stack(0x0000000019890000,0x0000000019990000)]
  0x0000000018191000 JavaThread "C2 CompilerThread1" daemon [_thread_blocked, id=12492, stack(0x0000000019790000,0x0000000019890000)]
  0x000000001817f000 JavaThread "C2 CompilerThread0" daemon [_thread_in_native, id=19176, stack(0x0000000019690000,0x0000000019790000)]
  0x000000001817e000 JavaThread "Attach Listener" daemon [_thread_blocked, id=12896, stack(0x0000000019590000,0x0000000019690000)]
  0x000000001812a000 JavaThread "Signal Dispatcher" daemon [_thread_blocked, id=17448, stack(0x0000000019490000,0x0000000019590000)]
  0x0000000018113800 JavaThread "Finalizer" daemon [_thread_blocked, id=15816, stack(0x0000000019390000,0x0000000019490000)]
  0x0000000016a4c800 JavaThread "Reference Handler" daemon [_thread_blocked, id=8476, stack(0x0000000019290000,0x0000000019390000)]
  0x000000000288d800 JavaThread "main" [_thread_blocked, id=14276, stack(0x0000000002890000,0x0000000002990000)]

Other Threads:
  0x0000000016a44800 VMThread [stack: 0x0000000019190000,0x0000000019290000] [id=12500]
  0x00000000181d9000 WatcherThread [stack: 0x0000000019b90000,0x0000000019c90000] [id=12944]

VM state:not at safepoint (normal execution)

VM Mutex/Monitor currently owned by a thread: None

Heap:
 PSYoungGen      total 76288K, used 55712K [0x00000000e0000000, 0x00000000e5500000, 0x0000000100000000)
  eden space 65536K, 68% used [0x00000000e0000000,0x00000000e2c03748,0x00000000e4000000)
  from space 10752K, 98% used [0x00000000e4a80000,0x00000000e54e49a0,0x00000000e5500000)
  to   space 10752K, 0% used [0x00000000e4000000,0x00000000e4000000,0x00000000e4a80000)
 ParOldGen       total 175104K, used 24K [0x00000000a0000000, 0x00000000aab00000, 0x00000000e0000000)
  object space 175104K, 0% used [0x00000000a0000000,0x00000000a0006000,0x00000000aab00000)
 Metaspace       used 20058K, capacity 20582K, committed 20736K, reserved 1069056K
  class space    used 2863K, capacity 3059K, committed 3072K, reserved 1048576K

Card table byte_map: [0x0000000011e50000,0x0000000012160000] byte_map_base: 0x0000000011950000

Marking Bits: (ParMarkBitMap*) 0x00000000575d5aa0
 Begin Bits: [0x0000000012d60000, 0x0000000014560000)
 End Bits:   [0x0000000014560000, 0x0000000015d60000)

Polling page: 0x00000000003e0000

CodeCache: size=245760Kb used=5999Kb max_used=5999Kb free=239760Kb
 bounds [0x0000000002a90000, 0x0000000003070000, 0x0000000011a90000]
 total_blobs=2121 nmethods=1710 adapters=324
 compilation: enabled

Compilation events (10 events):
Event: 4.185 Thread 0x0000000018195800 nmethod 1704 0x000000000306b050 code [0x000000000306b1e0, 0x000000000306b4d8]
Event: 4.185 Thread 0x0000000018195800 1706       3       java.lang.Class::getMethod (64 bytes)
Event: 4.185 Thread 0x0000000018191000 nmethod 1709 0x0000000002ffc6d0 code [0x0000000002ffc800, 0x0000000002ffc898]
Event: 4.186 Thread 0x0000000018195800 nmethod 1706 0x000000000306d1d0 code [0x000000000306d420, 0x000000000306e0a8]
Event: 4.186 Thread 0x0000000018195800 1708       3       java.util.HashMap::keySet (25 bytes)
Event: 4.186 Thread 0x0000000018195800 nmethod 1708 0x000000000306cb50 code [0x000000000306ccc0, 0x000000000306d050]
Event: 4.187 Thread 0x0000000018195800 1711       3       java.lang.ClassValue$Entry::version (8 bytes)
Event: 4.187 Thread 0x0000000018195800 nmethod 1711 0x000000000306c650 code [0x000000000306c7c0, 0x000000000306ca90]
Event: 4.187 Thread 0x0000000018195800 1712       3       java.lang.Class::copyMethods (36 bytes)
Event: 4.187 Thread 0x0000000018195800 nmethod 1712 0x000000000306e650 code [0x000000000306e840, 0x000000000306f238]

GC Heap History (4 events):
Event: 1.041 GC heap before
{Heap before GC invocations=1 (full 0):
 PSYoungGen      total 76288K, used 65536K [0x00000000e0000000, 0x00000000e5500000, 0x0000000100000000)
  eden space 65536K, 100% used [0x00000000e0000000,0x00000000e4000000,0x00000000e4000000)
  from space 10752K, 0% used [0x00000000e4a80000,0x00000000e4a80000,0x00000000e5500000)
  to   space 10752K, 0% used [0x00000000e4000000,0x00000000e4000000,0x00000000e4a80000)
 ParOldGen       total 175104K, used 0K [0x00000000a0000000, 0x00000000aab00000, 0x00000000e0000000)
  object space 175104K, 0% used [0x00000000a0000000,0x00000000a0000000,0x00000000aab00000)
 Metaspace       used 8583K, capacity 8816K, committed 8960K, reserved 1056768K
  class space    used 1095K, capacity 1176K, committed 1280K, reserved 1048576K
Event: 1.046 GC heap after
Heap after GC invocations=1 (full 0):
 PSYoungGen      total 76288K, used 7180K [0x00000000e0000000, 0x00000000e5500000, 0x0000000100000000)
  eden space 65536K, 0% used [0x00000000e0000000,0x00000000e0000000,0x00000000e4000000)
  from space 10752K, 66% used [0x00000000e4000000,0x00000000e4703038,0x00000000e4a80000)
  to   space 10752K, 0% used [0x00000000e4a80000,0x00000000e4a80000,0x00000000e5500000)
 ParOldGen       total 175104K, used 16K [0x00000000a0000000, 0x00000000aab00000, 0x00000000e0000000)
  object space 175104K, 0% used [0x00000000a0000000,0x00000000a0004000,0x00000000aab00000)
 Metaspace       used 8583K, capacity 8816K, committed 8960K, reserved 1056768K
  class space    used 1095K, capacity 1176K, committed 1280K, reserved 1048576K
}
Event: 3.610 GC heap before
{Heap before GC invocations=2 (full 0):
 PSYoungGen      total 76288K, used 72716K [0x00000000e0000000, 0x00000000e5500000, 0x0000000100000000)
  eden space 65536K, 100% used [0x00000000e0000000,0x00000000e4000000,0x00000000e4000000)
  from space 10752K, 66% used [0x00000000e4000000,0x00000000e4703038,0x00000000e4a80000)
  to   space 10752K, 0% used [0x00000000e4a80000,0x00000000e4a80000,0x00000000e5500000)
 ParOldGen       total 175104K, used 16K [0x00000000a0000000, 0x00000000aab00000, 0x00000000e0000000)
  object space 175104K, 0% used [0x00000000a0000000,0x00000000a0004000,0x00000000aab00000)
 Metaspace       used 15430K, capacity 15864K, committed 16000K, reserved 1062912K
  class space    used 2189K, capacity 2332K, committed 2432K, reserved 1048576K
Event: 3.619 GC heap after
Heap after GC invocations=2 (full 0):
 PSYoungGen      total 76288K, used 10642K [0x00000000e0000000, 0x00000000e5500000, 0x0000000100000000)
  eden space 65536K, 0% used [0x00000000e0000000,0x00000000e0000000,0x00000000e4000000)
  from space 10752K, 98% used [0x00000000e4a80000,0x00000000e54e49a0,0x00000000e5500000)
  to   space 10752K, 0% used [0x00000000e4000000,0x00000000e4000000,0x00000000e4a80000)
 ParOldGen       total 175104K, used 24K [0x00000000a0000000, 0x00000000aab00000, 0x00000000e0000000)
  object space 175104K, 0% used [0x00000000a0000000,0x00000000a0006000,0x00000000aab00000)
 Metaspace       used 15430K, capacity 15864K, committed 16000K, reserved 1062912K
  class space    used 2189K, capacity 2332K, committed 2432K, reserved 1048576K
}

Deoptimization events (10 events):
Event: 3.576 Thread 0x000000001af26000 Uncommon trap: reason=unstable_if action=reinterpret pc=0x0000000002e968b4 method=java.lang.String.lastIndexOf([CII[CIII)I @ 66
Event: 3.828 Thread 0x000000001af26000 Uncommon trap: reason=unstable_if action=reinterpret pc=0x0000000002d4e658 method=java.io.File.getName()Ljava/lang/String; @ 16
Event: 3.905 Thread 0x000000001af26000 Uncommon trap: reason=bimorphic action=maybe_recompile pc=0x0000000002f29f98 method=java.lang.ClassLoader.loadClass(Ljava/lang/String;Z)Ljava/lang/Class; @ 38
Event: 3.931 Thread 0x000000001af26000 Uncommon trap: reason=bimorphic action=maybe_recompile pc=0x0000000002f29f98 method=java.lang.ClassLoader.loadClass(Ljava/lang/String;Z)Ljava/lang/Class; @ 38
Event: 3.931 Thread 0x000000001af26000 Uncommon trap: reason=bimorphic action=maybe_recompile pc=0x0000000002f29f98 method=java.lang.ClassLoader.loadClass(Ljava/lang/String;Z)Ljava/lang/Class; @ 38
Event: 3.931 Thread 0x000000001af26000 Uncommon trap: reason=bimorphic action=maybe_recompile pc=0x0000000002f29f98 method=java.lang.ClassLoader.loadClass(Ljava/lang/String;Z)Ljava/lang/Class; @ 38
Event: 4.153 Thread 0x000000001af26000 Uncommon trap: reason=bimorphic action=maybe_recompile pc=0x0000000002ff1214 method=java.io.BufferedInputStream.read([BII)I @ 101
Event: 4.153 Thread 0x000000001af26000 Uncommon trap: reason=bimorphic action=maybe_recompile pc=0x0000000002ff1214 method=java.io.BufferedInputStream.read([BII)I @ 101
Event: 4.154 Thread 0x000000001af26000 Uncommon trap: reason=bimorphic action=maybe_recompile pc=0x0000000002ff1214 method=java.io.BufferedInputStream.read([BII)I @ 101
Event: 4.154 Thread 0x000000001af26000 Uncommon trap: reason=bimorphic action=maybe_recompile pc=0x0000000002ff1214 method=java.io.BufferedInputStream.read([BII)I @ 101

Classes redefined (0 events):
No events

Internal exceptions (10 events):
Event: 3.840 Thread 0x000000001af14000 Exception <a 'java/lang/NoSuchMethodError': <clinit>> (0x00000000e1777440) thrown at [D:\src\AOSP-openjdk-cygwin\jdk8u\hotspot\src\share\vm\prims\jni.cpp, line 1613]
Event: 3.841 Thread 0x000000001af14000 Exception <a 'java/lang/NoSuchMethodError': <clinit>> (0x00000000e17864b0) thrown at [D:\src\AOSP-openjdk-cygwin\jdk8u\hotspot\src\share\vm\prims\jni.cpp, line 1613]
Event: 3.934 Thread 0x000000001af26000 Exception <a 'java/lang/NoSuchMethodError': <clinit>> (0x00000000e1d27108) thrown at [D:\src\AOSP-openjdk-cygwin\jdk8u\hotspot\src\share\vm\prims\jni.cpp, line 1613]
Event: 4.056 Thread 0x000000001af26000 Exception <a 'java/lang/NoSuchMethodError': <clinit>> (0x00000000e1d77e60) thrown at [D:\src\AOSP-openjdk-cygwin\jdk8u\hotspot\src\share\vm\prims\jni.cpp, line 1613]
Event: 4.057 Thread 0x000000001af26000 Exception <a 'java/lang/NoSuchMethodError': <clinit>> (0x00000000e1d856c8) thrown at [D:\src\AOSP-openjdk-cygwin\jdk8u\hotspot\src\share\vm\prims\jni.cpp, line 1613]
Event: 4.072 Thread 0x000000001af26000 Exception <a 'java/lang/NoSuchMethodError': <clinit>> (0x00000000e1ea8da0) thrown at [D:\src\AOSP-openjdk-cygwin\jdk8u\hotspot\src\share\vm\prims\jni.cpp, line 1613]
Event: 4.072 Thread 0x000000001af26000 Exception <a 'java/lang/NoSuchMethodError': <clinit>> (0x00000000e1eacce8) thrown at [D:\src\AOSP-openjdk-cygwin\jdk8u\hotspot\src\share\vm\prims\jni.cpp, line 1613]
Event: 4.072 Thread 0x000000001af26000 Exception <a 'java/lang/NoSuchMethodError': <clinit>> (0x00000000e1eae7f0) thrown at [D:\src\AOSP-openjdk-cygwin\jdk8u\hotspot\src\share\vm\prims\jni.cpp, line 1613]
Event: 4.072 Thread 0x000000001af26000 Exception <a 'java/lang/NoSuchMethodError': <clinit>> (0x00000000e1eaffc0) thrown at [D:\src\AOSP-openjdk-cygwin\jdk8u\hotspot\src\share\vm\prims\jni.cpp, line 1613]
Event: 4.072 Thread 0x000000001af26000 Exception <a 'java/lang/NoSuchMethodError': <clinit>> (0x00000000e1eb1640) thrown at [D:\src\AOSP-openjdk-cygwin\jdk8u\hotspot\src\share\vm\prims\jni.cpp, line 1613]

Events (10 events):
Event: 4.185 loading class java/util/Spliterator$OfPrimitive done
Event: 4.185 loading class java/util/Spliterator$OfInt done
Event: 4.185 loading class groovy/lang/GString$1
Event: 4.185 loading class groovy/lang/GString$1 done
Event: 4.186 loading class groovy/lang/StringWriterIOException
Event: 4.186 loading class groovy/lang/StringWriterIOException done
Event: 4.186 loading class org/codehaus/groovy/runtime/GStringImpl
Event: 4.186 loading class org/codehaus/groovy/runtime/GStringImpl done
Event: 4.187 loading class org/codehaus/groovy/runtime/DefaultGroovyMethods
Event: 4.187 loading class org/codehaus/groovy/runtime/DefaultGroovyMethods done


Dynamic libraries:
0x00007ff699130000 - 0x00007ff699161000 	D:\androidst\jre\bin\java.exe
0x00007ff814590000 - 0x00007ff81477d000 	C:\Windows\SYSTEM32\ntdll.dll
0x00007ff812d50000 - 0x00007ff812e03000 	C:\Windows\System32\KERNEL32.DLL
0x00007ff811390000 - 0x00007ff811623000 	C:\Windows\System32\KERNELBASE.dll
0x00007ff811b30000 - 0x00007ff811bd3000 	C:\Windows\System32\ADVAPI32.dll
0x00007ff812480000 - 0x00007ff81251e000 	C:\Windows\System32\msvcrt.dll
0x00007ff8123e0000 - 0x00007ff81247e000 	C:\Windows\System32\sechost.dll
0x00007ff811950000 - 0x00007ff811a72000 	C:\Windows\System32\RPCRT4.dll
0x00007ff8117b0000 - 0x00007ff811947000 	C:\Windows\System32\USER32.dll
0x00007ff8110e0000 - 0x00007ff811100000 	C:\Windows\System32\win32u.dll
0x00007ff811be0000 - 0x00007ff811c09000 	C:\Windows\System32\GDI32.dll
0x00007ff8106a0000 - 0x00007ff810839000 	C:\Windows\System32\gdi32full.dll
0x00007ff811630000 - 0x00007ff8116d0000 	C:\Windows\System32\msvcp_win.dll
0x00007ff810f90000 - 0x00007ff81108a000 	C:\Windows\System32\ucrtbase.dll
0x00007ffff9860000 - 0x00007ffff9ad9000 	C:\Windows\WinSxS\amd64_microsoft.windows.common-controls_6595b64144ccf1df_6.0.17763.771_none_05b041300723be85\COMCTL32.dll
0x00007ff812a20000 - 0x00007ff812d4c000 	C:\Windows\System32\combase.dll
0x00007ff811730000 - 0x00007ff8117ae000 	C:\Windows\System32\bcryptPrimitives.dll
0x00007ff811c10000 - 0x00007ff811c3e000 	C:\Windows\System32\IMM32.DLL
0x0000000056af0000 - 0x0000000056bc2000 	D:\androidst\jre\jre\bin\msvcr100.dll
0x0000000056e10000 - 0x0000000057651000 	D:\androidst\jre\jre\bin\server\jvm.dll
0x00007ff8122a0000 - 0x00007ff8122a8000 	C:\Windows\System32\PSAPI.DLL
0x00007ff80c3f0000 - 0x00007ff80c3f9000 	C:\Windows\SYSTEM32\WSOCK32.dll
0x00007ff8129b0000 - 0x00007ff812a1d000 	C:\Windows\System32\WS2_32.dll
0x00007ff8048a0000 - 0x00007ff8048aa000 	C:\Windows\SYSTEM32\VERSION.dll
0x00007ff80d560000 - 0x00007ff80d584000 	C:\Windows\SYSTEM32\WINMM.dll
0x00007ff80d530000 - 0x00007ff80d55d000 	C:\Windows\SYSTEM32\WINMMBASE.dll
0x00007ff810650000 - 0x00007ff81069a000 	C:\Windows\System32\cfgmgr32.dll
0x00007ff80c370000 - 0x00007ff80c37f000 	D:\androidst\jre\jre\bin\verify.dll
0x00007ff80c340000 - 0x00007ff80c369000 	D:\androidst\jre\jre\bin\java.dll
0x00007ff80b5f0000 - 0x00007ff80b606000 	D:\androidst\jre\jre\bin\zip.dll
0x00007ff812fe0000 - 0x00007ff8144d4000 	C:\Windows\System32\SHELL32.dll
0x00007ff812900000 - 0x00007ff8129a8000 	C:\Windows\System32\shcore.dll
0x00007ff810840000 - 0x00007ff810f8d000 	C:\Windows\System32\windows.storage.dll
0x00007ff810620000 - 0x00007ff810644000 	C:\Windows\System32\profapi.dll
0x00007ff810580000 - 0x00007ff8105dd000 	C:\Windows\System32\powrprof.dll
0x00007ff8128a0000 - 0x00007ff8128f2000 	C:\Windows\System32\shlwapi.dll
0x00007ff8105e0000 - 0x00007ff8105f1000 	C:\Windows\System32\kernel.appcore.dll
0x00007ff811090000 - 0x00007ff8110a7000 	C:\Windows\System32\cryptsp.dll
0x00007ff809020000 - 0x00007ff80903a000 	D:\androidst\jre\jre\bin\net.dll
0x000000001b460000 - 0x000000001c8a7000 	C:\Windows\system32\networkdlllspx64.dll
0x00007ff811cf0000 - 0x00007ff811db4000 	C:\Windows\System32\oleaut32.dll
0x00007ff80f6d0000 - 0x00007ff80f701000 	C:\Windows\SYSTEM32\ntmarta.dll
0x00007ff80fdc0000 - 0x00007ff80fe27000 	C:\Windows\system32\mswsock.dll
0x00007fffed300000 - 0x00007fffed30a000 	C:\Windows\system32\wshqos.dll
0x00007fffed2f0000 - 0x00007fffed2f8000 	C:\Windows\SYSTEM32\wshtcpip.DLL
0x00007fffed2e0000 - 0x00007fffed2e8000 	C:\Windows\SYSTEM32\wship6.dll
0x00007ff805210000 - 0x00007ff805221000 	D:\androidst\jre\jre\bin\nio.dll
0x00007ffff58b0000 - 0x00007ffff58ce000 	C:\Users\DXD\.gradle\native\25\windows-amd64\native-platform.dll
0x00007ff80b5e0000 - 0x00007ff80b5ed000 	D:\androidst\jre\jre\bin\management.dll
0x00007ff80f8e0000 - 0x00007ff80f913000 	C:\Windows\system32\rsaenh.dll
0x00007ff8110b0000 - 0x00007ff8110d6000 	C:\Windows\System32\bcrypt.dll
0x00007ff810480000 - 0x00007ff8104a8000 	C:\Windows\SYSTEM32\USERENV.dll
0x00007ff80ff90000 - 0x00007ff80ff9c000 	C:\Windows\SYSTEM32\CRYPTBASE.dll
0x00007ff80fae0000 - 0x00007ff80fb1d000 	C:\Windows\SYSTEM32\IPHLPAPI.DLL
0x00007ff811a80000 - 0x00007ff811a88000 	C:\Windows\System32\NSI.dll
0x00007ff803080000 - 0x00007ff803096000 	C:\Windows\SYSTEM32\dhcpcsvc6.DLL
0x00007ff803360000 - 0x00007ff80337c000 	C:\Windows\SYSTEM32\dhcpcsvc.DLL
0x00007ff80fb30000 - 0x00007ff80fbf6000 	C:\Windows\SYSTEM32\DNSAPI.dll

VM Arguments:
jvm_args: -Xmx1536m -Dfile.encoding=GBK -Duser.country=CN -Duser.language=zh -Duser.variant 
java_command: org.gradle.launcher.daemon.bootstrap.GradleDaemon 5.1.1
java_class_path (initial): C:\Users\DXD\.gradle\wrapper\dists\gradle-5.1.1-all\97z1ksx6lirer3kbvdnh7jtjg\gradle-5.1.1\lib\gradle-launcher-5.1.1.jar
Launcher Type: SUN_STANDARD

Environment Variables:
JAVA_HOME=C:\Program Files\Java\jdk-12.0.2
CLASSPATH=.;C:\Program Files\Java\jdk-12.0.2\lib\dt.jar;C:\Program Files\Java\jdk-12.0.2\lib\tools.jar
PATH=C:\Windows\system32;C:\Windows;C:\Windows\System32\Wbem;C:\Windows\System32\WindowsPowerShell\v1.0\;C:\Windows\System32\OpenSSH\;C:\Program Files (x86)\NVIDIA Corporation\PhysX\Common;C:\Program Files\NVIDIA Corporation\NVIDIA NGX;C:\Program Files\NVIDIA Corporation\NVIDIA NvDLISR;C:\Program Files\Java\jdk-12.0.2\bin;C:\Program Files\Java\jdk-12.0.2\jre\bin;C:\Program Files\MySQL\MySQL Server 8.0\bin;D:\maven\apache-maven-3.6.2-bin\bin\;C:\Users\DXD\AppData\Local\Microsoft\WindowsApps;
USERNAME=DXD
OS=Windows_NT
PROCESSOR_IDENTIFIER=Intel64 Family 6 Model 158 Stepping 10, GenuineIntel



---------------  S Y S T E M  ---------------

OS: Windows 10.0 , 64 bit Build 17763 (10.0.17763.475)

CPU:total 12 (initial active 12) (6 cores per cpu, 2 threads per core) family 6 model 158 stepping 10, cmov, cx8, fxsr, mmx, sse, sse2, sse3, ssse3, sse4.1, sse4.2, popcnt, avx, avx2, aes, clmul, erms, 3dnowpref, lzcnt, ht, tsc, tscinvbit, bmi1, bmi2, adx

Memory: 4k page, physical 16653556k(4069464k free), swap 16653556k(4228k free)

vm_info: OpenJDK 64-Bit Server VM (25.152-b01) for windows-amd64 JRE (1.8.0_152-release-1343-b01), built by "builder" with MS VC++ 10.0 (VS2010)

time: Tue Oct 08 16:13:40 2019
elapsed time: 4 seconds (0d 0h 0m 4s)

